[debug] [2023-03-30T16:49:42.680Z] ----------------------------------------------------------------------
[debug] [2023-03-30T16:49:42.681Z] Command:       /usr/local/bin/node /usr/local/bin/firebase init
[debug] [2023-03-30T16:49:42.681Z] CLI Version:   11.25.2
[debug] [2023-03-30T16:49:42.681Z] Platform:      darwin
[debug] [2023-03-30T16:49:42.681Z] Node Version:  v16.18.0
[debug] [2023-03-30T16:49:42.682Z] Time:          Thu Mar 30 2023 09:49:42 GMT-0700 (Pacific Daylight Time)
[debug] [2023-03-30T16:49:42.682Z] ----------------------------------------------------------------------
[debug] 
[debug] [2023-03-30T16:49:42.714Z] > command requires scopes: ["email","openid","https://www.googleapis.com/auth/cloudplatformprojects.readonly","https://www.googleapis.com/auth/firebase","https://www.googleapis.com/auth/cloud-platform"]
[debug] [2023-03-30T16:49:42.714Z] > authorizing via signed-in user (dparedes@knighted.com)
[info] 
     ######## #### ########  ######## ########     ###     ######  ########
     ##        ##  ##     ## ##       ##     ##  ##   ##  ##       ##
     ######    ##  ########  ######   ########  #########  ######  ######
     ##        ##  ##    ##  ##       ##     ## ##     ##       ## ##
     ##       #### ##     ## ######## ########  ##     ##  ######  ########

You're about to initialize a Firebase project in this directory:

  /Users/danneparedes/Desktop/next_gls

Before we get started, keep in mind:

  * You are initializing within an existing Firebase project directory

[info] 
=== Project Setup
[info] 
[info] First, let's associate this project directory with a Firebase project.
[info] You can create multiple project aliases by running firebase use --add, 
[info] but for now we'll just set up a default project.
[info] 
[debug] [2023-03-30T16:49:52.070Z] Using project from CLI flag: gls-prod
[debug] [2023-03-30T16:49:52.073Z] >>> [apiv2][query] GET https://firebase.googleapis.com/v1beta1/projects/gls-prod [none]
[debug] [2023-03-30T16:49:52.428Z] <<< [apiv2][status] GET https://firebase.googleapis.com/v1beta1/projects/gls-prod 200
[debug] [2023-03-30T16:49:52.429Z] <<< [apiv2][body] GET https://firebase.googleapis.com/v1beta1/projects/gls-prod {"projectId":"gls-prod","projectNumber":"388908724309","displayName":"GLS-prod","name":"projects/gls-prod","resources":{"hostingSite":"gls-prod","storageBucket":"gls-prod.appspot.com","locationId":"us-central"},"state":"ACTIVE","etag":"1_f8343113-e7a9-403f-828c-5c0f97d882bc"}
[info] i  Using project gls-prod (GLS-prod) 
[info] 
=== Hosting Setup
[info] 
[info] Your public directory is the folder (relative to your project directory) that
[info] will contain Hosting assets to be uploaded with firebase deploy. If you
[info] have a build process for your assets, use your build's output directory.
[info] 
[info] ✔  Wrote public/404.html 
[debug] [2023-03-30T16:50:14.360Z] >>> [apiv2][query] GET https://www.gstatic.com/firebasejs/releases.json [none]
[debug] [2023-03-30T16:50:14.500Z] <<< [apiv2][status] GET https://www.gstatic.com/firebasejs/releases.json 200
[debug] [2023-03-30T16:50:14.501Z] <<< [apiv2][body] GET https://www.gstatic.com/firebasejs/releases.json {"current":{"version":"9.18.0","browserURL":"https://www.gstatic.com/firebasejs/9.18.0/firebase.js","packageURL":"https://www.gstatic.com/firebasejs/9.18.0/firebase.tgz"},"live":{"version":"9.18","browserURL":"https://www.gstatic.com/firebasejs/live/9.18/firebase.js","packageURL":"https://www.gstatic.com/firebasejs/live/9.18/firebase.tgz"},"components":{"analytics":"https://www.gstatic.com/firebasejs/9.18.0/firebase-analytics.js","app":"https://www.gstatic.com/firebasejs/9.18.0/firebase-app.js","app-check":"https://www.gstatic.com/firebasejs/9.18.0/firebase-app-check.js","auth":"https://www.gstatic.com/firebasejs/9.18.0/firebase-auth.js","auth/cordova":"https://www.gstatic.com/firebasejs/9.18.0/firebase-auth/cordova.js","auth/react-native":"https://www.gstatic.com/firebasejs/9.18.0/firebase-auth/react-native.js","functions":"https://www.gstatic.com/firebasejs/9.18.0/firebase-functions.js","firestore":"https://www.gstatic.com/firebasejs/9.18.0/firebase-firestore.js","firestore/lite":"https://www.gstatic.com/firebasejs/9.18.0/firebase-firestore/lite.js","installations":"https://www.gstatic.com/firebasejs/9.18.0/firebase-installations.js","storage":"https://www.gstatic.com/firebasejs/9.18.0/firebase-storage.js","performance":"https://www.gstatic.com/firebasejs/9.18.0/firebase-performance.js","remote-config":"https://www.gstatic.com/firebasejs/9.18.0/firebase-remote-config.js","messaging":"https://www.gstatic.com/firebasejs/9.18.0/firebase-messaging.js","messaging/sw":"https://www.gstatic.com/firebasejs/9.18.0/firebase-messaging/sw.js","database":"https://www.gstatic.com/firebasejs/9.18.0/firebase-database.js","firestore.memory":"https://www.gstatic.com/firebasejs/9.18.0/firebase-firestore.memory.js"}}
[info] ✔  Wrote public/index.html 
[info] 
[info] i  Detected a .git folder at /Users/danneparedes/Desktop/next_gls 
[info] i  Authorizing with GitHub to upload your service account to a GitHub repository's secrets store. 
[info] 
[info] Visit this URL on this device to log in:
[info] https://github.com/login/oauth/authorize?client_id=89cf50f02ac6aaed3484&state=923036268&redirect_uri=http%3A%2F%2Flocalhost%3A9005&scope=read%3Auser%20repo%20public_repo
[info] 
[info] Waiting for authentication...
[debug] [2023-03-30T16:50:19.814Z] >>> [apiv2][query] POST https://github.com/login/oauth/access_token [none]
[debug] [2023-03-30T16:50:19.814Z] >>> [apiv2][body] POST https://github.com/login/oauth/access_token [stream]
[debug] [2023-03-30T16:50:20.169Z] <<< [apiv2][status] POST https://github.com/login/oauth/access_token 200
[debug] [2023-03-30T16:50:20.169Z] <<< [apiv2][body] POST https://github.com/login/oauth/access_token {"access_token":"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","token_type":"bearer","scope":"read:user,repo"}
[debug] [2023-03-30T16:50:20.180Z] >>> [apiv2][query] GET https://api.github.com/user [none]
[debug] [2023-03-30T16:50:20.571Z] <<< [apiv2][status] GET https://api.github.com/user 200
[debug] [2023-03-30T16:50:20.572Z] <<< [apiv2][body] GET https://api.github.com/user {"login":"Danne-Paredes","id":43916868,"node_id":"MDQ6VXNlcjQzOTE2ODY4","avatar_url":"https://avatars.githubusercontent.com/u/43916868?v=4","gravatar_id":"","url":"https://api.github.com/users/Danne-Paredes","html_url":"https://github.com/Danne-Paredes","followers_url":"https://api.github.com/users/Danne-Paredes/followers","following_url":"https://api.github.com/users/Danne-Paredes/following{/other_user}","gists_url":"https://api.github.com/users/Danne-Paredes/gists{/gist_id}","starred_url":"https://api.github.com/users/Danne-Paredes/starred{/owner}{/repo}","subscriptions_url":"https://api.github.com/users/Danne-Paredes/subscriptions","organizations_url":"https://api.github.com/users/Danne-Paredes/orgs","repos_url":"https://api.github.com/users/Danne-Paredes/repos","events_url":"https://api.github.com/users/Danne-Paredes/events{/privacy}","received_events_url":"https://api.github.com/users/Danne-Paredes/received_events","type":"User","site_admin":false,"name":null,"company":null,"blog":"","location":null,"email":null,"hireable":null,"bio":null,"twitter_username":null,"public_repos":22,"public_gists":0,"followers":3,"following":4,"created_at":"2018-10-06T20:41:51Z","updated_at":"2022-10-24T21:09:53Z","private_gists":0,"total_private_repos":3,"owned_private_repos":3,"disk_usage":755549,"collaborators":0,"two_factor_authentication":false,"plan":{"name":"free","space":976562499,"collaborators":0,"private_repos":10000}}
[info] 
[info] ✔  Success! Logged into GitHub as Danne-Paredes 
[info] 
